[2026-02-15T10:00:02.572+0000] {local_task_job_runner.py:120} INFO - ::group::Pre task execution logs
[2026-02-15T10:00:02.585+0000] {taskinstance.py:2076} INFO - Dependencies all met for dep_context=non-requeueable deps ti=<TaskInstance: redshift_copy_incremental.delete_dt_partition scheduled__2026-02-14T10:00:00+00:00 [queued]>
[2026-02-15T10:00:02.590+0000] {taskinstance.py:2076} INFO - Dependencies all met for dep_context=requeueable deps ti=<TaskInstance: redshift_copy_incremental.delete_dt_partition scheduled__2026-02-14T10:00:00+00:00 [queued]>
[2026-02-15T10:00:02.590+0000] {taskinstance.py:2306} INFO - Starting attempt 1 of 1
[2026-02-15T10:00:02.600+0000] {taskinstance.py:2330} INFO - Executing <Task(PostgresOperator): delete_dt_partition> on 2026-02-14 10:00:00+00:00
[2026-02-15T10:00:02.613+0000] {standard_task_runner.py:90} INFO - Running: ['***', 'tasks', 'run', 'redshift_copy_incremental', 'delete_dt_partition', 'scheduled__2026-02-14T10:00:00+00:00', '--job-id', '95', '--raw', '--subdir', 'DAGS_FOLDER/redshift_copy_incremental.py', '--cfg-path', '/tmp/tmpd9v3pa97']
[2026-02-15T10:00:02.611+0000] {warnings.py:112} WARNING - /home/***/.local/lib/python3.12/site-packages/***/task/task_runner/standard_task_runner.py:62: DeprecationWarning: This process (pid=304754) is multi-threaded, use of fork() may lead to deadlocks in the child.
  pid = os.fork()

[2026-02-15T10:00:02.615+0000] {standard_task_runner.py:91} INFO - Job 95: Subtask delete_dt_partition
[2026-02-15T10:00:02.615+0000] {standard_task_runner.py:64} INFO - Started process 304756 to run task
[2026-02-15T10:00:02.651+0000] {task_command.py:426} INFO - Running <TaskInstance: redshift_copy_incremental.delete_dt_partition scheduled__2026-02-14T10:00:00+00:00 [running]> on host 58efb3cdc79c
[2026-02-15T10:00:02.743+0000] {taskinstance.py:2648} INFO - Exporting env vars: AIRFLOW_CTX_DAG_OWNER='***' AIRFLOW_CTX_DAG_ID='redshift_copy_incremental' AIRFLOW_CTX_TASK_ID='delete_dt_partition' AIRFLOW_CTX_EXECUTION_DATE='2026-02-14T10:00:00+00:00' AIRFLOW_CTX_TRY_NUMBER='1' AIRFLOW_CTX_DAG_RUN_ID='scheduled__2026-02-14T10:00:00+00:00'
[2026-02-15T10:00:02.745+0000] {taskinstance.py:430} INFO - ::endgroup::
[2026-02-15T10:00:02.745+0000] {sql.py:282} INFO - Executing: 
        DELETE FROM silver.clima
        WHERE open_date_col = '2026-02-14'::date;
        
[2026-02-15T10:00:02.753+0000] {base.py:84} INFO - Using connection ID 'redshift_default' for task execution.
[2026-02-15T10:00:02.762+0000] {base.py:84} INFO - Using connection ID 'redshift_default' for task execution.
[2026-02-15T10:01:28.025+0000] {taskinstance.py:441} INFO - ::group::Post task execution logs
[2026-02-15T10:01:28.026+0000] {taskinstance.py:2905} ERROR - Task failed with exception
Traceback (most recent call last):
  File "/home/airflow/.local/lib/python3.12/site-packages/airflow/models/taskinstance.py", line 465, in _execute_task
    result = _execute_callable(context=context, **execute_callable_kwargs)
             ^^^^^^^^^^^^^^^^^^^^^^^^^^^^^^^^^^^^^^^^^^^^^^^^^^^^^^^^^^^^^
  File "/home/airflow/.local/lib/python3.12/site-packages/airflow/models/taskinstance.py", line 432, in _execute_callable
    return execute_callable(context=context, **execute_callable_kwargs)
           ^^^^^^^^^^^^^^^^^^^^^^^^^^^^^^^^^^^^^^^^^^^^^^^^^^^^^^^^^^^^
  File "/home/airflow/.local/lib/python3.12/site-packages/airflow/models/baseoperator.py", line 401, in wrapper
    return func(self, *args, **kwargs)
           ^^^^^^^^^^^^^^^^^^^^^^^^^^^
  File "/home/airflow/.local/lib/python3.12/site-packages/airflow/providers/common/sql/operators/sql.py", line 288, in execute
    output = hook.run(
             ^^^^^^^^^
  File "/home/airflow/.local/lib/python3.12/site-packages/airflow/providers/common/sql/hooks/sql.py", line 438, in run
    with self._create_autocommit_connection(autocommit) as conn:
  File "/usr/local/lib/python3.12/contextlib.py", line 137, in __enter__
    return next(self.gen)
           ^^^^^^^^^^^^^^
  File "/home/airflow/.local/lib/python3.12/site-packages/airflow/providers/common/sql/hooks/sql.py", line 560, in _create_autocommit_connection
    with closing(self.get_conn()) as conn:
                 ^^^^^^^^^^^^^^^
  File "/home/airflow/.local/lib/python3.12/site-packages/airflow/providers/postgres/hooks/postgres.py", line 175, in get_conn
    self.conn = psycopg2.connect(**conn_args)
                ^^^^^^^^^^^^^^^^^^^^^^^^^^^^^
  File "/home/airflow/.local/lib/python3.12/site-packages/psycopg2/__init__.py", line 122, in connect
    conn = _connect(dsn, connection_factory=connection_factory, **kwasync)
           ^^^^^^^^^^^^^^^^^^^^^^^^^^^^^^^^^^^^^^^^^^^^^^^^^^^^^^^^^^^^^^^
psycopg2.OperationalError: connection to server at "portfolio-lucas.599942835378.us-east-1.redshift-serverless.amazonaws.com" (54.235.98.252), port 5439 failed: server closed the connection unexpectedly
	This probably means the server terminated abnormally
	before or while processing the request.

[2026-02-15T10:01:28.037+0000] {taskinstance.py:1206} INFO - Marking task as FAILED. dag_id=redshift_copy_incremental, task_id=delete_dt_partition, run_id=scheduled__2026-02-14T10:00:00+00:00, execution_date=20260214T100000, start_date=20260215T100002, end_date=20260215T100128
[2026-02-15T10:01:28.049+0000] {standard_task_runner.py:110} ERROR - Failed to execute job 95 for task delete_dt_partition (connection to server at "portfolio-lucas.599942835378.us-east-1.redshift-serverless.amazonaws.com" (54.235.98.252), port 5439 failed: server closed the connection unexpectedly
	This probably means the server terminated abnormally
	before or while processing the request.
; 304756)
[2026-02-15T10:01:28.098+0000] {local_task_job_runner.py:243} INFO - Task exited with return code 1
[2026-02-15T10:01:28.107+0000] {warnings.py:112} WARNING - /home/***/.local/lib/python3.12/site-packages/***/models/baseoperator.py:1297: AirflowProviderDeprecationWarning: Call to deprecated class PostgresOperator. (Please use `***.providers.common.sql.operators.sql.SQLExecuteQueryOperator`.Also, you can provide `hook_params={'schema': <database>}`.)
  result = cls.__new__(cls)

[2026-02-15T10:01:28.118+0000] {taskinstance.py:3503} INFO - 0 downstream tasks scheduled from follow-on schedule check
[2026-02-15T10:01:28.121+0000] {local_task_job_runner.py:222} INFO - ::endgroup::
