[2026-01-30T00:25:28.663+0000] {local_task_job_runner.py:120} INFO - ::group::Pre task execution logs
[2026-01-30T00:25:28.675+0000] {taskinstance.py:2076} INFO - Dependencies all met for dep_context=non-requeueable deps ti=<TaskInstance: redshift_copy_incremental.delete_dt_partition manual__2026-01-30T00:25:26.445190+00:00 [queued]>
[2026-01-30T00:25:28.679+0000] {taskinstance.py:2076} INFO - Dependencies all met for dep_context=requeueable deps ti=<TaskInstance: redshift_copy_incremental.delete_dt_partition manual__2026-01-30T00:25:26.445190+00:00 [queued]>
[2026-01-30T00:25:28.680+0000] {taskinstance.py:2306} INFO - Starting attempt 1 of 1
[2026-01-30T00:25:28.690+0000] {taskinstance.py:2330} INFO - Executing <Task(PostgresOperator): delete_dt_partition> on 2026-01-30 00:25:26.445190+00:00
[2026-01-30T00:25:28.703+0000] {warnings.py:112} WARNING - /home/***/.local/lib/python3.12/site-packages/***/task/task_runner/standard_task_runner.py:62: DeprecationWarning: This process (pid=845) is multi-threaded, use of fork() may lead to deadlocks in the child.
  pid = os.fork()

[2026-01-30T00:25:28.704+0000] {standard_task_runner.py:64} INFO - Started process 847 to run task
[2026-01-30T00:25:28.705+0000] {standard_task_runner.py:90} INFO - Running: ['***', 'tasks', 'run', 'redshift_copy_incremental', 'delete_dt_partition', 'manual__2026-01-30T00:25:26.445190+00:00', '--job-id', '43', '--raw', '--subdir', 'DAGS_FOLDER/redshift_copy_incremental.py', '--cfg-path', '/tmp/tmppbpzs658']
[2026-01-30T00:25:28.707+0000] {standard_task_runner.py:91} INFO - Job 43: Subtask delete_dt_partition
[2026-01-30T00:25:28.741+0000] {task_command.py:426} INFO - Running <TaskInstance: redshift_copy_incremental.delete_dt_partition manual__2026-01-30T00:25:26.445190+00:00 [running]> on host 58efb3cdc79c
[2026-01-30T00:25:28.812+0000] {taskinstance.py:2648} INFO - Exporting env vars: AIRFLOW_CTX_DAG_OWNER='***' AIRFLOW_CTX_DAG_ID='redshift_copy_incremental' AIRFLOW_CTX_TASK_ID='delete_dt_partition' AIRFLOW_CTX_EXECUTION_DATE='2026-01-30T00:25:26.445190+00:00' AIRFLOW_CTX_TRY_NUMBER='1' AIRFLOW_CTX_DAG_RUN_ID='manual__2026-01-30T00:25:26.445190+00:00'
[2026-01-30T00:25:28.814+0000] {taskinstance.py:430} INFO - ::endgroup::
[2026-01-30T00:25:28.814+0000] {sql.py:282} INFO - Executing: 
        DELETE FROM silver.clima
        WHERE open_date_col = '2026-01-30'::date;
        
[2026-01-30T00:25:28.820+0000] {base.py:84} INFO - Using connection ID 'redshift_default' for task execution.
[2026-01-30T00:25:28.827+0000] {base.py:84} INFO - Using connection ID 'redshift_default' for task execution.
[2026-01-30T00:25:29.453+0000] {sql.py:495} INFO - Running statement: 
        DELETE FROM silver.clima
        WHERE open_date_col = '2026-01-30'::date;
        , parameters: None
[2026-01-30T00:25:29.626+0000] {sql.py:504} INFO - Rows affected: 0
[2026-01-30T00:25:30.279+0000] {taskinstance.py:441} INFO - ::group::Post task execution logs
[2026-01-30T00:25:30.288+0000] {taskinstance.py:1206} INFO - Marking task as SUCCESS. dag_id=redshift_copy_incremental, task_id=delete_dt_partition, run_id=manual__2026-01-30T00:25:26.445190+00:00, execution_date=20260130T002526, start_date=20260130T002528, end_date=20260130T002530
[2026-01-30T00:25:30.325+0000] {local_task_job_runner.py:243} INFO - Task exited with return code 0
[2026-01-30T00:25:30.336+0000] {warnings.py:112} WARNING - /home/***/.local/lib/python3.12/site-packages/***/models/baseoperator.py:1297: AirflowProviderDeprecationWarning: Call to deprecated class PostgresOperator. (Please use `***.providers.common.sql.operators.sql.SQLExecuteQueryOperator`.Also, you can provide `hook_params={'schema': <database>}`.)
  result = cls.__new__(cls)

[2026-01-30T00:25:30.347+0000] {taskinstance.py:3503} INFO - 1 downstream tasks scheduled from follow-on schedule check
[2026-01-30T00:25:30.348+0000] {local_task_job_runner.py:222} INFO - ::endgroup::
