[2026-01-30T00:29:48.905+0000] {local_task_job_runner.py:120} INFO - ::group::Pre task execution logs
[2026-01-30T00:29:48.920+0000] {taskinstance.py:2076} INFO - Dependencies all met for dep_context=non-requeueable deps ti=<TaskInstance: redshift_copy_incremental.copy_dt_partition manual__2026-01-30T00:29:42.238749+00:00 [queued]>
[2026-01-30T00:29:48.925+0000] {taskinstance.py:2076} INFO - Dependencies all met for dep_context=requeueable deps ti=<TaskInstance: redshift_copy_incremental.copy_dt_partition manual__2026-01-30T00:29:42.238749+00:00 [queued]>
[2026-01-30T00:29:48.926+0000] {taskinstance.py:2306} INFO - Starting attempt 1 of 1
[2026-01-30T00:29:48.936+0000] {taskinstance.py:2330} INFO - Executing <Task(S3ToRedshiftOperator): copy_dt_partition> on 2026-01-30 00:29:42.238749+00:00
[2026-01-30T00:29:48.951+0000] {warnings.py:112} WARNING - /home/***/.local/lib/python3.12/site-packages/***/task/task_runner/standard_task_runner.py:62: DeprecationWarning: This process (pid=910) is multi-threaded, use of fork() may lead to deadlocks in the child.
  pid = os.fork()

[2026-01-30T00:29:48.953+0000] {standard_task_runner.py:64} INFO - Started process 912 to run task
[2026-01-30T00:29:48.951+0000] {standard_task_runner.py:90} INFO - Running: ['***', 'tasks', 'run', 'redshift_copy_incremental', 'copy_dt_partition', 'manual__2026-01-30T00:29:42.238749+00:00', '--job-id', '46', '--raw', '--subdir', 'DAGS_FOLDER/redshift_copy_incremental.py', '--cfg-path', '/tmp/tmpr8n1fm_a']
[2026-01-30T00:29:48.954+0000] {standard_task_runner.py:91} INFO - Job 46: Subtask copy_dt_partition
[2026-01-30T00:29:48.995+0000] {task_command.py:426} INFO - Running <TaskInstance: redshift_copy_incremental.copy_dt_partition manual__2026-01-30T00:29:42.238749+00:00 [running]> on host 58efb3cdc79c
[2026-01-30T00:29:49.082+0000] {taskinstance.py:2648} INFO - Exporting env vars: AIRFLOW_CTX_DAG_OWNER='***' AIRFLOW_CTX_DAG_ID='redshift_copy_incremental' AIRFLOW_CTX_TASK_ID='copy_dt_partition' AIRFLOW_CTX_EXECUTION_DATE='2026-01-30T00:29:42.238749+00:00' AIRFLOW_CTX_TRY_NUMBER='1' AIRFLOW_CTX_DAG_RUN_ID='manual__2026-01-30T00:29:42.238749+00:00'
[2026-01-30T00:29:49.083+0000] {taskinstance.py:430} INFO - ::endgroup::
[2026-01-30T00:29:49.090+0000] {base.py:84} INFO - Using connection ID 'aws_default' for task execution.
[2026-01-30T00:29:49.096+0000] {base.py:84} INFO - Using connection ID 'aws_default' for task execution.
[2026-01-30T00:29:49.097+0000] {connection_wrapper.py:384} INFO - AWS Connection (conn_id='aws_default', conn_type='aws') credentials retrieved from login and password.
[2026-01-30T00:29:49.107+0000] {s3_to_redshift.py:193} INFO - Executing COPY command...
[2026-01-30T00:29:49.112+0000] {base.py:84} INFO - Using connection ID 'redshift_default' for task execution.
[2026-01-30T00:29:50.086+0000] {sql.py:495} INFO - Running statement: 
                    COPY silver.clima 
                    FROM 's3://pipeline-clima-transporte/silver/visualcrossing_weather_sp/dt=2026-01-29/'
                    credentials
                    'aws_access_key_id=AKIAYXL3BFSZIK4AZZ6M;aws_secret_access_key=***'
                    
                    FORMAT AS PARQUET
			COMPUPDATE OFF
			STATUPDATE OFF;
        , parameters: None
[2026-01-30T00:29:51.691+0000] {s3_to_redshift.py:198} INFO - COPY command complete...
[2026-01-30T00:29:51.692+0000] {taskinstance.py:441} INFO - ::group::Post task execution logs
[2026-01-30T00:29:51.704+0000] {taskinstance.py:1206} INFO - Marking task as SUCCESS. dag_id=redshift_copy_incremental, task_id=copy_dt_partition, run_id=manual__2026-01-30T00:29:42.238749+00:00, execution_date=20260130T002942, start_date=20260130T002948, end_date=20260130T002951
[2026-01-30T00:29:51.735+0000] {local_task_job_runner.py:243} INFO - Task exited with return code 0
[2026-01-30T00:29:51.751+0000] {taskinstance.py:3503} INFO - 0 downstream tasks scheduled from follow-on schedule check
[2026-01-30T00:29:51.752+0000] {local_task_job_runner.py:222} INFO - ::endgroup::
