[2026-01-30T00:15:19.863+0000] {local_task_job_runner.py:120} INFO - ::group::Pre task execution logs
[2026-01-30T00:15:19.876+0000] {taskinstance.py:2076} INFO - Dependencies all met for dep_context=non-requeueable deps ti=<TaskInstance: redshift_copy_incremental.delete_dt_partition scheduled__2026-01-04T00:00:00+00:00 [queued]>
[2026-01-30T00:15:19.881+0000] {taskinstance.py:2076} INFO - Dependencies all met for dep_context=requeueable deps ti=<TaskInstance: redshift_copy_incremental.delete_dt_partition scheduled__2026-01-04T00:00:00+00:00 [queued]>
[2026-01-30T00:15:19.881+0000] {taskinstance.py:2306} INFO - Starting attempt 1 of 1
[2026-01-30T00:15:19.891+0000] {taskinstance.py:2330} INFO - Executing <Task(PostgresOperator): delete_dt_partition> on 2026-01-04 00:00:00+00:00
[2026-01-30T00:15:19.907+0000] {warnings.py:112} WARNING - /home/***/.local/lib/python3.12/site-packages/***/task/task_runner/standard_task_runner.py:62: DeprecationWarning: This process (pid=610) is multi-threaded, use of fork() may lead to deadlocks in the child.
  pid = os.fork()

[2026-01-30T00:15:19.909+0000] {standard_task_runner.py:64} INFO - Started process 612 to run task
[2026-01-30T00:15:19.910+0000] {standard_task_runner.py:90} INFO - Running: ['***', 'tasks', 'run', 'redshift_copy_incremental', 'delete_dt_partition', 'scheduled__2026-01-04T00:00:00+00:00', '--job-id', '9', '--raw', '--subdir', 'DAGS_FOLDER/redshift_copy_incremental.py', '--cfg-path', '/tmp/tmpfojzgacz']
[2026-01-30T00:15:19.912+0000] {standard_task_runner.py:91} INFO - Job 9: Subtask delete_dt_partition
[2026-01-30T00:15:19.960+0000] {task_command.py:426} INFO - Running <TaskInstance: redshift_copy_incremental.delete_dt_partition scheduled__2026-01-04T00:00:00+00:00 [running]> on host 58efb3cdc79c
[2026-01-30T00:15:20.035+0000] {taskinstance.py:2648} INFO - Exporting env vars: AIRFLOW_CTX_DAG_OWNER='***' AIRFLOW_CTX_DAG_ID='redshift_copy_incremental' AIRFLOW_CTX_TASK_ID='delete_dt_partition' AIRFLOW_CTX_EXECUTION_DATE='2026-01-04T00:00:00+00:00' AIRFLOW_CTX_TRY_NUMBER='1' AIRFLOW_CTX_DAG_RUN_ID='scheduled__2026-01-04T00:00:00+00:00'
[2026-01-30T00:15:20.037+0000] {taskinstance.py:430} INFO - ::endgroup::
[2026-01-30T00:15:20.037+0000] {sql.py:282} INFO - Executing: 
        DELETE FROM silver.clima
        WHERE open_date_col = '2026-01-04'::date;
        
[2026-01-30T00:15:20.046+0000] {base.py:84} INFO - Using connection ID 'redshift_default' for task execution.
[2026-01-30T00:15:20.055+0000] {base.py:84} INFO - Using connection ID 'redshift_default' for task execution.
[2026-01-30T00:15:20.694+0000] {sql.py:495} INFO - Running statement: 
        DELETE FROM silver.clima
        WHERE open_date_col = '2026-01-04'::date;
        , parameters: None
[2026-01-30T00:15:20.846+0000] {taskinstance.py:441} INFO - ::group::Post task execution logs
[2026-01-30T00:15:20.847+0000] {taskinstance.py:2905} ERROR - Task failed with exception
Traceback (most recent call last):
  File "/home/airflow/.local/lib/python3.12/site-packages/airflow/models/taskinstance.py", line 465, in _execute_task
    result = _execute_callable(context=context, **execute_callable_kwargs)
             ^^^^^^^^^^^^^^^^^^^^^^^^^^^^^^^^^^^^^^^^^^^^^^^^^^^^^^^^^^^^^
  File "/home/airflow/.local/lib/python3.12/site-packages/airflow/models/taskinstance.py", line 432, in _execute_callable
    return execute_callable(context=context, **execute_callable_kwargs)
           ^^^^^^^^^^^^^^^^^^^^^^^^^^^^^^^^^^^^^^^^^^^^^^^^^^^^^^^^^^^^
  File "/home/airflow/.local/lib/python3.12/site-packages/airflow/models/baseoperator.py", line 401, in wrapper
    return func(self, *args, **kwargs)
           ^^^^^^^^^^^^^^^^^^^^^^^^^^^
  File "/home/airflow/.local/lib/python3.12/site-packages/airflow/providers/common/sql/operators/sql.py", line 288, in execute
    output = hook.run(
             ^^^^^^^^^
  File "/home/airflow/.local/lib/python3.12/site-packages/airflow/providers/common/sql/hooks/sql.py", line 442, in run
    self._run_command(cur, sql_statement, parameters)
  File "/home/airflow/.local/lib/python3.12/site-packages/airflow/providers/common/sql/hooks/sql.py", line 500, in _run_command
    cur.execute(sql_statement)
psycopg2.errors.InsufficientPrivilege: permission denied for relation clima

[2026-01-30T00:15:20.858+0000] {taskinstance.py:1206} INFO - Marking task as FAILED. dag_id=redshift_copy_incremental, task_id=delete_dt_partition, run_id=scheduled__2026-01-04T00:00:00+00:00, execution_date=20260104T000000, start_date=20260130T001519, end_date=20260130T001520
[2026-01-30T00:15:20.869+0000] {standard_task_runner.py:110} ERROR - Failed to execute job 9 for task delete_dt_partition (permission denied for relation clima
; 612)
[2026-01-30T00:15:20.885+0000] {local_task_job_runner.py:243} INFO - Task exited with return code 1
[2026-01-30T00:15:20.898+0000] {warnings.py:112} WARNING - /home/***/.local/lib/python3.12/site-packages/***/models/baseoperator.py:1297: AirflowProviderDeprecationWarning: Call to deprecated class PostgresOperator. (Please use `***.providers.common.sql.operators.sql.SQLExecuteQueryOperator`.Also, you can provide `hook_params={'schema': <database>}`.)
  result = cls.__new__(cls)

[2026-01-30T00:15:20.909+0000] {taskinstance.py:3503} INFO - 0 downstream tasks scheduled from follow-on schedule check
[2026-01-30T00:15:20.911+0000] {local_task_job_runner.py:222} INFO - ::endgroup::
