[2026-02-05T10:00:02.303+0000] {local_task_job_runner.py:120} INFO - ::group::Pre task execution logs
[2026-02-05T10:00:02.318+0000] {taskinstance.py:2076} INFO - Dependencies all met for dep_context=non-requeueable deps ti=<TaskInstance: redshift_copy_incremental.delete_dt_partition scheduled__2026-02-04T10:00:00+00:00 [queued]>
[2026-02-05T10:00:02.324+0000] {taskinstance.py:2076} INFO - Dependencies all met for dep_context=requeueable deps ti=<TaskInstance: redshift_copy_incremental.delete_dt_partition scheduled__2026-02-04T10:00:00+00:00 [queued]>
[2026-02-05T10:00:02.324+0000] {taskinstance.py:2306} INFO - Starting attempt 1 of 1
[2026-02-05T10:00:02.335+0000] {taskinstance.py:2330} INFO - Executing <Task(PostgresOperator): delete_dt_partition> on 2026-02-04 10:00:00+00:00
[2026-02-05T10:00:02.347+0000] {warnings.py:112} WARNING - /home/***/.local/lib/python3.12/site-packages/***/task/task_runner/standard_task_runner.py:62: DeprecationWarning: This process (pid=119622) is multi-threaded, use of fork() may lead to deadlocks in the child.
  pid = os.fork()

[2026-02-05T10:00:02.352+0000] {standard_task_runner.py:64} INFO - Started process 119624 to run task
[2026-02-05T10:00:02.350+0000] {standard_task_runner.py:90} INFO - Running: ['***', 'tasks', 'run', 'redshift_copy_incremental', 'delete_dt_partition', 'scheduled__2026-02-04T10:00:00+00:00', '--job-id', '69', '--raw', '--subdir', 'DAGS_FOLDER/redshift_copy_incremental.py', '--cfg-path', '/tmp/tmpy603sffj']
[2026-02-05T10:00:02.353+0000] {standard_task_runner.py:91} INFO - Job 69: Subtask delete_dt_partition
[2026-02-05T10:00:02.393+0000] {task_command.py:426} INFO - Running <TaskInstance: redshift_copy_incremental.delete_dt_partition scheduled__2026-02-04T10:00:00+00:00 [running]> on host 58efb3cdc79c
[2026-02-05T10:00:02.479+0000] {taskinstance.py:2648} INFO - Exporting env vars: AIRFLOW_CTX_DAG_OWNER='***' AIRFLOW_CTX_DAG_ID='redshift_copy_incremental' AIRFLOW_CTX_TASK_ID='delete_dt_partition' AIRFLOW_CTX_EXECUTION_DATE='2026-02-04T10:00:00+00:00' AIRFLOW_CTX_TRY_NUMBER='1' AIRFLOW_CTX_DAG_RUN_ID='scheduled__2026-02-04T10:00:00+00:00'
[2026-02-05T10:00:02.481+0000] {taskinstance.py:430} INFO - ::endgroup::
[2026-02-05T10:00:02.481+0000] {sql.py:282} INFO - Executing: 
        DELETE FROM silver.clima
        WHERE open_date_col = '2026-02-04'::date;
        
[2026-02-05T10:00:02.489+0000] {base.py:84} INFO - Using connection ID 'redshift_default' for task execution.
[2026-02-05T10:00:02.498+0000] {base.py:84} INFO - Using connection ID 'redshift_default' for task execution.
[2026-02-05T10:00:28.203+0000] {sql.py:495} INFO - Running statement: 
        DELETE FROM silver.clima
        WHERE open_date_col = '2026-02-04'::date;
        , parameters: None
[2026-02-05T10:00:28.580+0000] {sql.py:504} INFO - Rows affected: 0
[2026-02-05T10:00:29.035+0000] {taskinstance.py:441} INFO - ::group::Post task execution logs
[2026-02-05T10:00:29.046+0000] {taskinstance.py:1206} INFO - Marking task as SUCCESS. dag_id=redshift_copy_incremental, task_id=delete_dt_partition, run_id=scheduled__2026-02-04T10:00:00+00:00, execution_date=20260204T100000, start_date=20260205T100002, end_date=20260205T100029
[2026-02-05T10:00:29.107+0000] {local_task_job_runner.py:243} INFO - Task exited with return code 0
[2026-02-05T10:00:29.116+0000] {warnings.py:112} WARNING - /home/***/.local/lib/python3.12/site-packages/***/models/baseoperator.py:1297: AirflowProviderDeprecationWarning: Call to deprecated class PostgresOperator. (Please use `***.providers.common.sql.operators.sql.SQLExecuteQueryOperator`.Also, you can provide `hook_params={'schema': <database>}`.)
  result = cls.__new__(cls)

[2026-02-05T10:00:29.126+0000] {taskinstance.py:3503} INFO - 1 downstream tasks scheduled from follow-on schedule check
[2026-02-05T10:00:29.127+0000] {local_task_job_runner.py:222} INFO - ::endgroup::
