[2026-01-30T00:15:36.011+0000] {local_task_job_runner.py:120} INFO - ::group::Pre task execution logs
[2026-01-30T00:15:36.022+0000] {taskinstance.py:2076} INFO - Dependencies all met for dep_context=non-requeueable deps ti=<TaskInstance: redshift_copy_incremental.delete_dt_partition scheduled__2026-01-08T00:00:00+00:00 [queued]>
[2026-01-30T00:15:36.028+0000] {taskinstance.py:2076} INFO - Dependencies all met for dep_context=requeueable deps ti=<TaskInstance: redshift_copy_incremental.delete_dt_partition scheduled__2026-01-08T00:00:00+00:00 [queued]>
[2026-01-30T00:15:36.028+0000] {taskinstance.py:2306} INFO - Starting attempt 1 of 1
[2026-01-30T00:15:36.038+0000] {taskinstance.py:2330} INFO - Executing <Task(PostgresOperator): delete_dt_partition> on 2026-01-08 00:00:00+00:00
[2026-01-30T00:15:36.051+0000] {warnings.py:112} WARNING - /home/***/.local/lib/python3.12/site-packages/***/task/task_runner/standard_task_runner.py:62: DeprecationWarning: This process (pid=629) is multi-threaded, use of fork() may lead to deadlocks in the child.
  pid = os.fork()

[2026-01-30T00:15:36.052+0000] {standard_task_runner.py:90} INFO - Running: ['***', 'tasks', 'run', 'redshift_copy_incremental', 'delete_dt_partition', 'scheduled__2026-01-08T00:00:00+00:00', '--job-id', '13', '--raw', '--subdir', 'DAGS_FOLDER/redshift_copy_incremental.py', '--cfg-path', '/tmp/tmpxgubmsef']
[2026-01-30T00:15:36.054+0000] {standard_task_runner.py:91} INFO - Job 13: Subtask delete_dt_partition
[2026-01-30T00:15:36.052+0000] {standard_task_runner.py:64} INFO - Started process 631 to run task
[2026-01-30T00:15:36.091+0000] {task_command.py:426} INFO - Running <TaskInstance: redshift_copy_incremental.delete_dt_partition scheduled__2026-01-08T00:00:00+00:00 [running]> on host 58efb3cdc79c
[2026-01-30T00:15:36.165+0000] {taskinstance.py:2648} INFO - Exporting env vars: AIRFLOW_CTX_DAG_OWNER='***' AIRFLOW_CTX_DAG_ID='redshift_copy_incremental' AIRFLOW_CTX_TASK_ID='delete_dt_partition' AIRFLOW_CTX_EXECUTION_DATE='2026-01-08T00:00:00+00:00' AIRFLOW_CTX_TRY_NUMBER='1' AIRFLOW_CTX_DAG_RUN_ID='scheduled__2026-01-08T00:00:00+00:00'
[2026-01-30T00:15:36.167+0000] {taskinstance.py:430} INFO - ::endgroup::
[2026-01-30T00:15:36.167+0000] {sql.py:282} INFO - Executing: 
        DELETE FROM silver.clima
        WHERE open_date_col = '2026-01-08'::date;
        
[2026-01-30T00:15:36.173+0000] {base.py:84} INFO - Using connection ID 'redshift_default' for task execution.
[2026-01-30T00:15:36.182+0000] {base.py:84} INFO - Using connection ID 'redshift_default' for task execution.
[2026-01-30T00:15:36.705+0000] {sql.py:495} INFO - Running statement: 
        DELETE FROM silver.clima
        WHERE open_date_col = '2026-01-08'::date;
        , parameters: None
[2026-01-30T00:15:36.857+0000] {taskinstance.py:441} INFO - ::group::Post task execution logs
[2026-01-30T00:15:36.857+0000] {taskinstance.py:2905} ERROR - Task failed with exception
Traceback (most recent call last):
  File "/home/airflow/.local/lib/python3.12/site-packages/airflow/models/taskinstance.py", line 465, in _execute_task
    result = _execute_callable(context=context, **execute_callable_kwargs)
             ^^^^^^^^^^^^^^^^^^^^^^^^^^^^^^^^^^^^^^^^^^^^^^^^^^^^^^^^^^^^^
  File "/home/airflow/.local/lib/python3.12/site-packages/airflow/models/taskinstance.py", line 432, in _execute_callable
    return execute_callable(context=context, **execute_callable_kwargs)
           ^^^^^^^^^^^^^^^^^^^^^^^^^^^^^^^^^^^^^^^^^^^^^^^^^^^^^^^^^^^^
  File "/home/airflow/.local/lib/python3.12/site-packages/airflow/models/baseoperator.py", line 401, in wrapper
    return func(self, *args, **kwargs)
           ^^^^^^^^^^^^^^^^^^^^^^^^^^^
  File "/home/airflow/.local/lib/python3.12/site-packages/airflow/providers/common/sql/operators/sql.py", line 288, in execute
    output = hook.run(
             ^^^^^^^^^
  File "/home/airflow/.local/lib/python3.12/site-packages/airflow/providers/common/sql/hooks/sql.py", line 442, in run
    self._run_command(cur, sql_statement, parameters)
  File "/home/airflow/.local/lib/python3.12/site-packages/airflow/providers/common/sql/hooks/sql.py", line 500, in _run_command
    cur.execute(sql_statement)
psycopg2.errors.InsufficientPrivilege: permission denied for relation clima

[2026-01-30T00:15:36.867+0000] {taskinstance.py:1206} INFO - Marking task as FAILED. dag_id=redshift_copy_incremental, task_id=delete_dt_partition, run_id=scheduled__2026-01-08T00:00:00+00:00, execution_date=20260108T000000, start_date=20260130T001536, end_date=20260130T001536
[2026-01-30T00:15:36.877+0000] {standard_task_runner.py:110} ERROR - Failed to execute job 13 for task delete_dt_partition (permission denied for relation clima
; 631)
[2026-01-30T00:15:36.910+0000] {local_task_job_runner.py:243} INFO - Task exited with return code 1
[2026-01-30T00:15:36.922+0000] {warnings.py:112} WARNING - /home/***/.local/lib/python3.12/site-packages/***/models/baseoperator.py:1297: AirflowProviderDeprecationWarning: Call to deprecated class PostgresOperator. (Please use `***.providers.common.sql.operators.sql.SQLExecuteQueryOperator`.Also, you can provide `hook_params={'schema': <database>}`.)
  result = cls.__new__(cls)

[2026-01-30T00:15:36.936+0000] {taskinstance.py:3503} INFO - 0 downstream tasks scheduled from follow-on schedule check
[2026-01-30T00:15:36.939+0000] {local_task_job_runner.py:222} INFO - ::endgroup::
