[2026-02-19T10:00:03.241+0000] {local_task_job_runner.py:120} INFO - ::group::Pre task execution logs
[2026-02-19T10:00:03.269+0000] {taskinstance.py:2076} INFO - Dependencies all met for dep_context=non-requeueable deps ti=<TaskInstance: redshift_copy_incremental.delete_dt_partition scheduled__2026-02-18T10:00:00+00:00 [queued]>
[2026-02-19T10:00:03.283+0000] {taskinstance.py:2076} INFO - Dependencies all met for dep_context=requeueable deps ti=<TaskInstance: redshift_copy_incremental.delete_dt_partition scheduled__2026-02-18T10:00:00+00:00 [queued]>
[2026-02-19T10:00:03.283+0000] {taskinstance.py:2306} INFO - Starting attempt 1 of 1
[2026-02-19T10:00:03.310+0000] {taskinstance.py:2330} INFO - Executing <Task(PostgresOperator): delete_dt_partition> on 2026-02-18 10:00:00+00:00
[2026-02-19T10:00:03.328+0000] {warnings.py:112} WARNING - /home/***/.local/lib/python3.12/site-packages/***/task/task_runner/standard_task_runner.py:62: DeprecationWarning: This process (pid=377857) is multi-threaded, use of fork() may lead to deadlocks in the child.
  pid = os.fork()

[2026-02-19T10:00:03.332+0000] {standard_task_runner.py:64} INFO - Started process 377866 to run task
[2026-02-19T10:00:03.334+0000] {standard_task_runner.py:90} INFO - Running: ['***', 'tasks', 'run', 'redshift_copy_incremental', 'delete_dt_partition', 'scheduled__2026-02-18T10:00:00+00:00', '--job-id', '102', '--raw', '--subdir', 'DAGS_FOLDER/redshift_copy_incremental.py', '--cfg-path', '/tmp/tmpqxfsm1tk']
[2026-02-19T10:00:03.340+0000] {standard_task_runner.py:91} INFO - Job 102: Subtask delete_dt_partition
[2026-02-19T10:00:03.408+0000] {task_command.py:426} INFO - Running <TaskInstance: redshift_copy_incremental.delete_dt_partition scheduled__2026-02-18T10:00:00+00:00 [running]> on host 58efb3cdc79c
[2026-02-19T10:00:03.573+0000] {taskinstance.py:2648} INFO - Exporting env vars: AIRFLOW_CTX_DAG_OWNER='***' AIRFLOW_CTX_DAG_ID='redshift_copy_incremental' AIRFLOW_CTX_TASK_ID='delete_dt_partition' AIRFLOW_CTX_EXECUTION_DATE='2026-02-18T10:00:00+00:00' AIRFLOW_CTX_TRY_NUMBER='1' AIRFLOW_CTX_DAG_RUN_ID='scheduled__2026-02-18T10:00:00+00:00'
[2026-02-19T10:00:03.575+0000] {taskinstance.py:430} INFO - ::endgroup::
[2026-02-19T10:00:03.576+0000] {sql.py:282} INFO - Executing: 
        DELETE FROM silver.clima
        WHERE open_date_col = '2026-02-18'::date;
        
[2026-02-19T10:00:03.586+0000] {base.py:84} INFO - Using connection ID 'redshift_default' for task execution.
[2026-02-19T10:00:03.601+0000] {base.py:84} INFO - Using connection ID 'redshift_default' for task execution.
[2026-02-19T10:00:29.253+0000] {sql.py:495} INFO - Running statement: 
        DELETE FROM silver.clima
        WHERE open_date_col = '2026-02-18'::date;
        , parameters: None
[2026-02-19T10:00:29.589+0000] {sql.py:504} INFO - Rows affected: 0
[2026-02-19T10:00:30.012+0000] {taskinstance.py:441} INFO - ::group::Post task execution logs
[2026-02-19T10:00:30.029+0000] {taskinstance.py:1206} INFO - Marking task as SUCCESS. dag_id=redshift_copy_incremental, task_id=delete_dt_partition, run_id=scheduled__2026-02-18T10:00:00+00:00, execution_date=20260218T100000, start_date=20260219T100003, end_date=20260219T100030
[2026-02-19T10:00:30.077+0000] {local_task_job_runner.py:243} INFO - Task exited with return code 0
[2026-02-19T10:00:30.091+0000] {warnings.py:112} WARNING - /home/***/.local/lib/python3.12/site-packages/***/models/baseoperator.py:1297: AirflowProviderDeprecationWarning: Call to deprecated class PostgresOperator. (Please use `***.providers.common.sql.operators.sql.SQLExecuteQueryOperator`.Also, you can provide `hook_params={'schema': <database>}`.)
  result = cls.__new__(cls)

[2026-02-19T10:00:30.105+0000] {taskinstance.py:3503} INFO - 1 downstream tasks scheduled from follow-on schedule check
[2026-02-19T10:00:30.107+0000] {local_task_job_runner.py:222} INFO - ::endgroup::
