[2026-01-30T00:22:29.378+0000] {local_task_job_runner.py:120} INFO - ::group::Pre task execution logs
[2026-01-30T00:22:29.391+0000] {taskinstance.py:2076} INFO - Dependencies all met for dep_context=non-requeueable deps ti=<TaskInstance: redshift_copy_incremental.copy_dt_partition manual__2026-01-30T00:22:23.775939+00:00 [queued]>
[2026-01-30T00:22:29.397+0000] {taskinstance.py:2076} INFO - Dependencies all met for dep_context=requeueable deps ti=<TaskInstance: redshift_copy_incremental.copy_dt_partition manual__2026-01-30T00:22:23.775939+00:00 [queued]>
[2026-01-30T00:22:29.397+0000] {taskinstance.py:2306} INFO - Starting attempt 1 of 1
[2026-01-30T00:22:29.407+0000] {taskinstance.py:2330} INFO - Executing <Task(S3ToRedshiftOperator): copy_dt_partition> on 2026-01-30 00:22:23.775939+00:00
[2026-01-30T00:22:29.424+0000] {warnings.py:112} WARNING - /home/***/.local/lib/python3.12/site-packages/***/task/task_runner/standard_task_runner.py:62: DeprecationWarning: This process (pid=791) is multi-threaded, use of fork() may lead to deadlocks in the child.
  pid = os.fork()

[2026-01-30T00:22:29.425+0000] {standard_task_runner.py:64} INFO - Started process 793 to run task
[2026-01-30T00:22:29.426+0000] {standard_task_runner.py:90} INFO - Running: ['***', 'tasks', 'run', 'redshift_copy_incremental', 'copy_dt_partition', 'manual__2026-01-30T00:22:23.775939+00:00', '--job-id', '39', '--raw', '--subdir', 'DAGS_FOLDER/redshift_copy_incremental.py', '--cfg-path', '/tmp/tmp2mj5faez']
[2026-01-30T00:22:29.428+0000] {standard_task_runner.py:91} INFO - Job 39: Subtask copy_dt_partition
[2026-01-30T00:22:29.465+0000] {task_command.py:426} INFO - Running <TaskInstance: redshift_copy_incremental.copy_dt_partition manual__2026-01-30T00:22:23.775939+00:00 [running]> on host 58efb3cdc79c
[2026-01-30T00:22:29.540+0000] {taskinstance.py:2648} INFO - Exporting env vars: AIRFLOW_CTX_DAG_OWNER='***' AIRFLOW_CTX_DAG_ID='redshift_copy_incremental' AIRFLOW_CTX_TASK_ID='copy_dt_partition' AIRFLOW_CTX_EXECUTION_DATE='2026-01-30T00:22:23.775939+00:00' AIRFLOW_CTX_TRY_NUMBER='1' AIRFLOW_CTX_DAG_RUN_ID='manual__2026-01-30T00:22:23.775939+00:00'
[2026-01-30T00:22:29.542+0000] {taskinstance.py:430} INFO - ::endgroup::
[2026-01-30T00:22:29.548+0000] {base.py:84} INFO - Using connection ID 'aws_default' for task execution.
[2026-01-30T00:22:29.554+0000] {base.py:84} INFO - Using connection ID 'aws_default' for task execution.
[2026-01-30T00:22:29.555+0000] {connection_wrapper.py:384} INFO - AWS Connection (conn_id='aws_default', conn_type='aws') credentials retrieved from login and password.
[2026-01-30T00:22:29.567+0000] {s3_to_redshift.py:193} INFO - Executing COPY command...
[2026-01-30T00:22:29.573+0000] {base.py:84} INFO - Using connection ID 'redshift_default' for task execution.
[2026-01-30T00:22:30.536+0000] {sql.py:495} INFO - Running statement: 
                    COPY silver.clima 
                    FROM 's3://pipeline-clima-transporte/silver/visualcrossing_weather_sp/dt=2026-01-30/'
                    credentials
                    'aws_access_key_id=AKIAYXL3BFSZIK4AZZ6M;aws_secret_access_key=***'
                    
                    FORMAT AS PARQUET
			TIMEFORMAT 'auto'
			TRUNCATECOLUMNS
			BLANKSASNULL
			EMPTYASNULL
			COMPUPDATE OFF
			STATUPDATE OFF;
        , parameters: None
[2026-01-30T00:22:30.820+0000] {taskinstance.py:441} INFO - ::group::Post task execution logs
[2026-01-30T00:22:30.821+0000] {taskinstance.py:2905} ERROR - Task failed with exception
Traceback (most recent call last):
  File "/home/airflow/.local/lib/python3.12/site-packages/airflow/models/taskinstance.py", line 465, in _execute_task
    result = _execute_callable(context=context, **execute_callable_kwargs)
             ^^^^^^^^^^^^^^^^^^^^^^^^^^^^^^^^^^^^^^^^^^^^^^^^^^^^^^^^^^^^^
  File "/home/airflow/.local/lib/python3.12/site-packages/airflow/models/taskinstance.py", line 432, in _execute_callable
    return execute_callable(context=context, **execute_callable_kwargs)
           ^^^^^^^^^^^^^^^^^^^^^^^^^^^^^^^^^^^^^^^^^^^^^^^^^^^^^^^^^^^^
  File "/home/airflow/.local/lib/python3.12/site-packages/airflow/models/baseoperator.py", line 401, in wrapper
    return func(self, *args, **kwargs)
           ^^^^^^^^^^^^^^^^^^^^^^^^^^^
  File "/home/airflow/.local/lib/python3.12/site-packages/airflow/providers/amazon/aws/transfers/s3_to_redshift.py", line 197, in execute
    redshift_hook.run(sql, autocommit=self.autocommit)
  File "/home/airflow/.local/lib/python3.12/site-packages/airflow/providers/common/sql/hooks/sql.py", line 442, in run
    self._run_command(cur, sql_statement, parameters)
  File "/home/airflow/.local/lib/python3.12/site-packages/airflow/providers/common/sql/hooks/sql.py", line 500, in _run_command
    cur.execute(sql_statement)
  File "/home/airflow/.local/lib/python3.12/site-packages/redshift_connector/cursor.py", line 248, in execute
    raise e
  File "/home/airflow/.local/lib/python3.12/site-packages/redshift_connector/cursor.py", line 241, in execute
    self._c.execute(self, operation, args)
  File "/home/airflow/.local/lib/python3.12/site-packages/redshift_connector/core.py", line 1990, in execute
    self.handle_messages(cursor)
  File "/home/airflow/.local/lib/python3.12/site-packages/redshift_connector/core.py", line 2197, in handle_messages
    raise self.error
redshift_connector.error.ProgrammingError: {'S': 'ERROR', 'C': '0A000', 'M': 'TRUNCATECOLUMNS argument is not supported for PARQUET based COPY', 'F': '/opt/brazil-pkg-cache/packages/RedshiftPADB/RedshiftPADB-1.0.98462.0/AL2_aarch64/generic-flavor/src/src/pg/src/backend/commands/commands_copy.c', 'L': '3530', 'R': 'report_keyword_error'}
[2026-01-30T00:22:30.831+0000] {taskinstance.py:1206} INFO - Marking task as FAILED. dag_id=redshift_copy_incremental, task_id=copy_dt_partition, run_id=manual__2026-01-30T00:22:23.775939+00:00, execution_date=20260130T002223, start_date=20260130T002229, end_date=20260130T002230
[2026-01-30T00:22:30.841+0000] {standard_task_runner.py:110} ERROR - Failed to execute job 39 for task copy_dt_partition ({'S': 'ERROR', 'C': '0A000', 'M': 'TRUNCATECOLUMNS argument is not supported for PARQUET based COPY', 'F': '/opt/brazil-pkg-cache/packages/RedshiftPADB/RedshiftPADB-1.0.98462.0/AL2_aarch64/generic-flavor/src/src/pg/src/backend/commands/commands_copy.c', 'L': '3530', 'R': 'report_keyword_error'}; 793)
[2026-01-30T00:22:30.884+0000] {local_task_job_runner.py:243} INFO - Task exited with return code 1
[2026-01-30T00:22:30.898+0000] {taskinstance.py:3503} INFO - 0 downstream tasks scheduled from follow-on schedule check
[2026-01-30T00:22:30.899+0000] {local_task_job_runner.py:222} INFO - ::endgroup::
