[2026-01-30T08:00:31.752+0000] {local_task_job_runner.py:120} INFO - ::group::Pre task execution logs
[2026-01-30T08:00:31.767+0000] {taskinstance.py:2076} INFO - Dependencies all met for dep_context=non-requeueable deps ti=<TaskInstance: redshift_copy_incremental.copy_dt_partition scheduled__2026-01-29T08:00:00+00:00 [queued]>
[2026-01-30T08:00:31.772+0000] {taskinstance.py:2076} INFO - Dependencies all met for dep_context=requeueable deps ti=<TaskInstance: redshift_copy_incremental.copy_dt_partition scheduled__2026-01-29T08:00:00+00:00 [queued]>
[2026-01-30T08:00:31.773+0000] {taskinstance.py:2306} INFO - Starting attempt 1 of 1
[2026-01-30T08:00:31.783+0000] {taskinstance.py:2330} INFO - Executing <Task(S3ToRedshiftOperator): copy_dt_partition> on 2026-01-29 08:00:00+00:00
[2026-01-30T08:00:31.798+0000] {warnings.py:112} WARNING - /home/***/.local/lib/python3.12/site-packages/***/task/task_runner/standard_task_runner.py:62: DeprecationWarning: This process (pid=6741) is multi-threaded, use of fork() may lead to deadlocks in the child.
  pid = os.fork()

[2026-01-30T08:00:31.799+0000] {standard_task_runner.py:64} INFO - Started process 6743 to run task
[2026-01-30T08:00:31.799+0000] {standard_task_runner.py:90} INFO - Running: ['***', 'tasks', 'run', 'redshift_copy_incremental', 'copy_dt_partition', 'scheduled__2026-01-29T08:00:00+00:00', '--job-id', '52', '--raw', '--subdir', 'DAGS_FOLDER/redshift_copy_incremental.py', '--cfg-path', '/tmp/tmpvpgh4z6q']
[2026-01-30T08:00:31.801+0000] {standard_task_runner.py:91} INFO - Job 52: Subtask copy_dt_partition
[2026-01-30T08:00:31.839+0000] {task_command.py:426} INFO - Running <TaskInstance: redshift_copy_incremental.copy_dt_partition scheduled__2026-01-29T08:00:00+00:00 [running]> on host 58efb3cdc79c
[2026-01-30T08:00:31.917+0000] {taskinstance.py:2648} INFO - Exporting env vars: AIRFLOW_CTX_DAG_OWNER='***' AIRFLOW_CTX_DAG_ID='redshift_copy_incremental' AIRFLOW_CTX_TASK_ID='copy_dt_partition' AIRFLOW_CTX_EXECUTION_DATE='2026-01-29T08:00:00+00:00' AIRFLOW_CTX_TRY_NUMBER='1' AIRFLOW_CTX_DAG_RUN_ID='scheduled__2026-01-29T08:00:00+00:00'
[2026-01-30T08:00:31.919+0000] {taskinstance.py:430} INFO - ::endgroup::
[2026-01-30T08:00:31.928+0000] {base.py:84} INFO - Using connection ID 'aws_default' for task execution.
[2026-01-30T08:00:31.934+0000] {base.py:84} INFO - Using connection ID 'aws_default' for task execution.
[2026-01-30T08:00:31.934+0000] {connection_wrapper.py:384} INFO - AWS Connection (conn_id='aws_default', conn_type='aws') credentials retrieved from login and password.
[2026-01-30T08:00:31.946+0000] {s3_to_redshift.py:193} INFO - Executing COPY command...
[2026-01-30T08:00:31.951+0000] {base.py:84} INFO - Using connection ID 'redshift_default' for task execution.
[2026-01-30T08:00:32.938+0000] {sql.py:495} INFO - Running statement: 
                    COPY silver.clima 
                    FROM 's3://pipeline-clima-transporte/silver/visualcrossing_weather_sp/open_date=2026-01-28/'
                    credentials
                    'aws_access_key_id=AKIAYXL3BFSZIK4AZZ6M;aws_secret_access_key=***'
                    
                    FORMAT AS PARQUET
			COMPUPDATE OFF
			STATUPDATE OFF;
        , parameters: None
[2026-01-30T08:00:34.370+0000] {s3_to_redshift.py:198} INFO - COPY command complete...
[2026-01-30T08:00:34.371+0000] {taskinstance.py:441} INFO - ::group::Post task execution logs
[2026-01-30T08:00:34.382+0000] {taskinstance.py:1206} INFO - Marking task as SUCCESS. dag_id=redshift_copy_incremental, task_id=copy_dt_partition, run_id=scheduled__2026-01-29T08:00:00+00:00, execution_date=20260129T080000, start_date=20260130T080031, end_date=20260130T080034
[2026-01-30T08:00:34.419+0000] {local_task_job_runner.py:243} INFO - Task exited with return code 0
[2026-01-30T08:00:34.436+0000] {taskinstance.py:3503} INFO - 0 downstream tasks scheduled from follow-on schedule check
[2026-01-30T08:00:34.437+0000] {local_task_job_runner.py:222} INFO - ::endgroup::
