[2026-01-31T10:00:30.997+0000] {local_task_job_runner.py:120} INFO - ::group::Pre task execution logs
[2026-01-31T10:00:31.010+0000] {taskinstance.py:2076} INFO - Dependencies all met for dep_context=non-requeueable deps ti=<TaskInstance: redshift_copy_incremental.copy_dt_partition scheduled__2026-01-30T10:00:00+00:00 [queued]>
[2026-01-31T10:00:31.016+0000] {taskinstance.py:2076} INFO - Dependencies all met for dep_context=requeueable deps ti=<TaskInstance: redshift_copy_incremental.copy_dt_partition scheduled__2026-01-30T10:00:00+00:00 [queued]>
[2026-01-31T10:00:31.016+0000] {taskinstance.py:2306} INFO - Starting attempt 1 of 1
[2026-01-31T10:00:31.027+0000] {taskinstance.py:2330} INFO - Executing <Task(S3ToRedshiftOperator): copy_dt_partition> on 2026-01-30 10:00:00+00:00
[2026-01-31T10:00:31.041+0000] {warnings.py:112} WARNING - /home/***/.local/lib/python3.12/site-packages/***/task/task_runner/standard_task_runner.py:62: DeprecationWarning: This process (pid=26858) is multi-threaded, use of fork() may lead to deadlocks in the child.
  pid = os.fork()

[2026-01-31T10:00:31.043+0000] {standard_task_runner.py:64} INFO - Started process 26867 to run task
[2026-01-31T10:00:31.043+0000] {standard_task_runner.py:90} INFO - Running: ['***', 'tasks', 'run', 'redshift_copy_incremental', 'copy_dt_partition', 'scheduled__2026-01-30T10:00:00+00:00', '--job-id', '60', '--raw', '--subdir', 'DAGS_FOLDER/redshift_copy_incremental.py', '--cfg-path', '/tmp/tmpncfic7io']
[2026-01-31T10:00:31.045+0000] {standard_task_runner.py:91} INFO - Job 60: Subtask copy_dt_partition
[2026-01-31T10:00:31.084+0000] {task_command.py:426} INFO - Running <TaskInstance: redshift_copy_incremental.copy_dt_partition scheduled__2026-01-30T10:00:00+00:00 [running]> on host 58efb3cdc79c
[2026-01-31T10:00:31.166+0000] {taskinstance.py:2648} INFO - Exporting env vars: AIRFLOW_CTX_DAG_OWNER='***' AIRFLOW_CTX_DAG_ID='redshift_copy_incremental' AIRFLOW_CTX_TASK_ID='copy_dt_partition' AIRFLOW_CTX_EXECUTION_DATE='2026-01-30T10:00:00+00:00' AIRFLOW_CTX_TRY_NUMBER='1' AIRFLOW_CTX_DAG_RUN_ID='scheduled__2026-01-30T10:00:00+00:00'
[2026-01-31T10:00:31.168+0000] {taskinstance.py:430} INFO - ::endgroup::
[2026-01-31T10:00:31.175+0000] {base.py:84} INFO - Using connection ID 'aws_default' for task execution.
[2026-01-31T10:00:31.180+0000] {base.py:84} INFO - Using connection ID 'aws_default' for task execution.
[2026-01-31T10:00:31.180+0000] {connection_wrapper.py:384} INFO - AWS Connection (conn_id='aws_default', conn_type='aws') credentials retrieved from login and password.
[2026-01-31T10:00:31.191+0000] {s3_to_redshift.py:193} INFO - Executing COPY command...
[2026-01-31T10:00:31.196+0000] {base.py:84} INFO - Using connection ID 'redshift_default' for task execution.
[2026-01-31T10:00:32.244+0000] {sql.py:495} INFO - Running statement: 
                    COPY silver.clima 
                    FROM 's3://pipeline-clima-transporte/silver/visualcrossing_weather_sp/open_date=2026-01-30/'
                    credentials
                    'aws_access_key_id=AKIAYXL3BFSZIK4AZZ6M;aws_secret_access_key=***'
                    
                    FORMAT AS PARQUET
			COMPUPDATE OFF
			STATUPDATE OFF;
        , parameters: None
[2026-01-31T10:00:33.630+0000] {s3_to_redshift.py:198} INFO - COPY command complete...
[2026-01-31T10:00:33.631+0000] {taskinstance.py:441} INFO - ::group::Post task execution logs
[2026-01-31T10:00:33.641+0000] {taskinstance.py:1206} INFO - Marking task as SUCCESS. dag_id=redshift_copy_incremental, task_id=copy_dt_partition, run_id=scheduled__2026-01-30T10:00:00+00:00, execution_date=20260130T100000, start_date=20260131T100031, end_date=20260131T100033
[2026-01-31T10:00:33.671+0000] {local_task_job_runner.py:243} INFO - Task exited with return code 0
[2026-01-31T10:00:33.687+0000] {taskinstance.py:3503} INFO - 0 downstream tasks scheduled from follow-on schedule check
[2026-01-31T10:00:33.688+0000] {local_task_job_runner.py:222} INFO - ::endgroup::
