[2026-02-10T10:00:30.746+0000] {local_task_job_runner.py:120} INFO - ::group::Pre task execution logs
[2026-02-10T10:00:30.761+0000] {taskinstance.py:2076} INFO - Dependencies all met for dep_context=non-requeueable deps ti=<TaskInstance: redshift_copy_incremental.copy_dt_partition scheduled__2026-02-09T10:00:00+00:00 [queued]>
[2026-02-10T10:00:30.766+0000] {taskinstance.py:2076} INFO - Dependencies all met for dep_context=requeueable deps ti=<TaskInstance: redshift_copy_incremental.copy_dt_partition scheduled__2026-02-09T10:00:00+00:00 [queued]>
[2026-02-10T10:00:30.766+0000] {taskinstance.py:2306} INFO - Starting attempt 1 of 1
[2026-02-10T10:00:30.777+0000] {taskinstance.py:2330} INFO - Executing <Task(S3ToRedshiftOperator): copy_dt_partition> on 2026-02-09 10:00:00+00:00
[2026-02-10T10:00:30.792+0000] {warnings.py:112} WARNING - /home/***/.local/lib/python3.12/site-packages/***/task/task_runner/standard_task_runner.py:62: DeprecationWarning: This process (pid=212233) is multi-threaded, use of fork() may lead to deadlocks in the child.
  pid = os.fork()

[2026-02-10T10:00:30.794+0000] {standard_task_runner.py:64} INFO - Started process 212235 to run task
[2026-02-10T10:00:30.794+0000] {standard_task_runner.py:90} INFO - Running: ['***', 'tasks', 'run', 'redshift_copy_incremental', 'copy_dt_partition', 'scheduled__2026-02-09T10:00:00+00:00', '--job-id', '86', '--raw', '--subdir', 'DAGS_FOLDER/redshift_copy_incremental.py', '--cfg-path', '/tmp/tmpxwbvch8i']
[2026-02-10T10:00:30.796+0000] {standard_task_runner.py:91} INFO - Job 86: Subtask copy_dt_partition
[2026-02-10T10:00:30.835+0000] {task_command.py:426} INFO - Running <TaskInstance: redshift_copy_incremental.copy_dt_partition scheduled__2026-02-09T10:00:00+00:00 [running]> on host 58efb3cdc79c
[2026-02-10T10:00:30.930+0000] {taskinstance.py:2648} INFO - Exporting env vars: AIRFLOW_CTX_DAG_OWNER='***' AIRFLOW_CTX_DAG_ID='redshift_copy_incremental' AIRFLOW_CTX_TASK_ID='copy_dt_partition' AIRFLOW_CTX_EXECUTION_DATE='2026-02-09T10:00:00+00:00' AIRFLOW_CTX_TRY_NUMBER='1' AIRFLOW_CTX_DAG_RUN_ID='scheduled__2026-02-09T10:00:00+00:00'
[2026-02-10T10:00:30.932+0000] {taskinstance.py:430} INFO - ::endgroup::
[2026-02-10T10:00:30.939+0000] {base.py:84} INFO - Using connection ID 'aws_default' for task execution.
[2026-02-10T10:00:30.944+0000] {base.py:84} INFO - Using connection ID 'aws_default' for task execution.
[2026-02-10T10:00:30.944+0000] {connection_wrapper.py:384} INFO - AWS Connection (conn_id='aws_default', conn_type='aws') credentials retrieved from login and password.
[2026-02-10T10:00:30.955+0000] {s3_to_redshift.py:193} INFO - Executing COPY command...
[2026-02-10T10:00:30.960+0000] {base.py:84} INFO - Using connection ID 'redshift_default' for task execution.
[2026-02-10T10:00:32.089+0000] {sql.py:495} INFO - Running statement: 
                    COPY silver.clima 
                    FROM 's3://pipeline-clima-transporte/silver/visualcrossing_weather_sp/open_date=2026-02-09/'
                    credentials
                    'aws_access_key_id=AKIAYXL3BFSZIK4AZZ6M;aws_secret_access_key=***'
                    
                    FORMAT AS PARQUET
			COMPUPDATE OFF
			STATUPDATE OFF;
        , parameters: None
[2026-02-10T10:00:33.482+0000] {s3_to_redshift.py:198} INFO - COPY command complete...
[2026-02-10T10:00:33.482+0000] {taskinstance.py:441} INFO - ::group::Post task execution logs
[2026-02-10T10:00:33.494+0000] {taskinstance.py:1206} INFO - Marking task as SUCCESS. dag_id=redshift_copy_incremental, task_id=copy_dt_partition, run_id=scheduled__2026-02-09T10:00:00+00:00, execution_date=20260209T100000, start_date=20260210T100030, end_date=20260210T100033
[2026-02-10T10:00:33.535+0000] {local_task_job_runner.py:243} INFO - Task exited with return code 0
[2026-02-10T10:00:33.551+0000] {taskinstance.py:3503} INFO - 0 downstream tasks scheduled from follow-on schedule check
[2026-02-10T10:00:33.552+0000] {local_task_job_runner.py:222} INFO - ::endgroup::
