[2026-02-06T10:00:02.807+0000] {local_task_job_runner.py:120} INFO - ::group::Pre task execution logs
[2026-02-06T10:00:02.820+0000] {taskinstance.py:2076} INFO - Dependencies all met for dep_context=non-requeueable deps ti=<TaskInstance: redshift_copy_incremental.delete_dt_partition scheduled__2026-02-05T10:00:00+00:00 [queued]>
[2026-02-06T10:00:02.825+0000] {taskinstance.py:2076} INFO - Dependencies all met for dep_context=requeueable deps ti=<TaskInstance: redshift_copy_incremental.delete_dt_partition scheduled__2026-02-05T10:00:00+00:00 [queued]>
[2026-02-06T10:00:02.826+0000] {taskinstance.py:2306} INFO - Starting attempt 1 of 1
[2026-02-06T10:00:02.836+0000] {taskinstance.py:2330} INFO - Executing <Task(PostgresOperator): delete_dt_partition> on 2026-02-05 10:00:00+00:00
[2026-02-06T10:00:02.850+0000] {warnings.py:112} WARNING - /home/***/.local/lib/python3.12/site-packages/***/task/task_runner/standard_task_runner.py:62: DeprecationWarning: This process (pid=138161) is multi-threaded, use of fork() may lead to deadlocks in the child.
  pid = os.fork()

[2026-02-06T10:00:02.854+0000] {standard_task_runner.py:64} INFO - Started process 138163 to run task
[2026-02-06T10:00:02.852+0000] {standard_task_runner.py:90} INFO - Running: ['***', 'tasks', 'run', 'redshift_copy_incremental', 'delete_dt_partition', 'scheduled__2026-02-05T10:00:00+00:00', '--job-id', '71', '--raw', '--subdir', 'DAGS_FOLDER/redshift_copy_incremental.py', '--cfg-path', '/tmp/tmp59bcdt2g']
[2026-02-06T10:00:02.854+0000] {standard_task_runner.py:91} INFO - Job 71: Subtask delete_dt_partition
[2026-02-06T10:00:02.893+0000] {task_command.py:426} INFO - Running <TaskInstance: redshift_copy_incremental.delete_dt_partition scheduled__2026-02-05T10:00:00+00:00 [running]> on host 58efb3cdc79c
[2026-02-06T10:00:02.971+0000] {taskinstance.py:2648} INFO - Exporting env vars: AIRFLOW_CTX_DAG_OWNER='***' AIRFLOW_CTX_DAG_ID='redshift_copy_incremental' AIRFLOW_CTX_TASK_ID='delete_dt_partition' AIRFLOW_CTX_EXECUTION_DATE='2026-02-05T10:00:00+00:00' AIRFLOW_CTX_TRY_NUMBER='1' AIRFLOW_CTX_DAG_RUN_ID='scheduled__2026-02-05T10:00:00+00:00'
[2026-02-06T10:00:02.973+0000] {taskinstance.py:430} INFO - ::endgroup::
[2026-02-06T10:00:02.973+0000] {sql.py:282} INFO - Executing: 
        DELETE FROM silver.clima
        WHERE open_date_col = '2026-02-05'::date;
        
[2026-02-06T10:00:02.979+0000] {base.py:84} INFO - Using connection ID 'redshift_default' for task execution.
[2026-02-06T10:00:02.987+0000] {base.py:84} INFO - Using connection ID 'redshift_default' for task execution.
[2026-02-06T10:00:28.643+0000] {sql.py:495} INFO - Running statement: 
        DELETE FROM silver.clima
        WHERE open_date_col = '2026-02-05'::date;
        , parameters: None
[2026-02-06T10:00:29.025+0000] {sql.py:504} INFO - Rows affected: 0
[2026-02-06T10:00:29.450+0000] {taskinstance.py:441} INFO - ::group::Post task execution logs
[2026-02-06T10:00:29.460+0000] {taskinstance.py:1206} INFO - Marking task as SUCCESS. dag_id=redshift_copy_incremental, task_id=delete_dt_partition, run_id=scheduled__2026-02-05T10:00:00+00:00, execution_date=20260205T100000, start_date=20260206T100002, end_date=20260206T100029
[2026-02-06T10:00:29.507+0000] {local_task_job_runner.py:243} INFO - Task exited with return code 0
[2026-02-06T10:00:29.519+0000] {warnings.py:112} WARNING - /home/***/.local/lib/python3.12/site-packages/***/models/baseoperator.py:1297: AirflowProviderDeprecationWarning: Call to deprecated class PostgresOperator. (Please use `***.providers.common.sql.operators.sql.SQLExecuteQueryOperator`.Also, you can provide `hook_params={'schema': <database>}`.)
  result = cls.__new__(cls)

[2026-02-06T10:00:29.529+0000] {taskinstance.py:3503} INFO - 1 downstream tasks scheduled from follow-on schedule check
[2026-02-06T10:00:29.531+0000] {local_task_job_runner.py:222} INFO - ::endgroup::
